This file contains any messages produced by compilers while
running configure, to aid debugging if configure makes a mistake.

It was created by BGPmon configure 7.2.2, which was
generated by GNU Autoconf 2.65.  Invocation command line was

  $ ./configure 

## --------- ##
## Platform. ##
## --------- ##

hostname = nat-oitwireless-inside-vapornet100-d-24957.princeton.edu
uname -m = x86_64
uname -r = 12.6.0
uname -s = Darwin
uname -v = Darwin Kernel Version 12.6.0: Wed Dec 17 19:11:40 PST 2014; root:xnu-2050.48.15~1/RELEASE_X86_64

/usr/bin/uname -p = i386
/bin/uname -X     = unknown

/bin/arch              = unknown
/usr/bin/arch -k       = unknown
/usr/convex/getsysinfo = unknown
/usr/bin/hostinfo      = Mach kernel version:
	 Darwin Kernel Version 12.6.0: Wed Dec 17 19:11:40 PST 2014; root:xnu-2050.48.15~1/RELEASE_X86_64
Kernel configured for up to 8 processors.
4 processors are physically available.
8 processors are logically available.
Processor type: i486 (Intel 80486)
Processors active: 0 1 2 3 4 5 6 7
Primary memory available: 8.00 gigabytes
Default processor set: 117 tasks, 689 threads, 8 processors
Load average: 0.79, Mach factor: 7.19
/bin/machine           = unknown
/usr/bin/oslevel       = unknown
/bin/universe          = unknown

PATH: /opt/local/bin
PATH: /opt/local/sbin
PATH: /Users/annie/perl5/perlbrew/bin
PATH: /Users/annie/perl5/perlbrew/perls/perl-5.16.0/bin
PATH: /usr/local/sbin
PATH: /usr/local/bin
PATH: /usr/bin
PATH: /bin
PATH: /usr/sbin
PATH: /sbin
PATH: /usr/local/mysql/bin
PATH: /opt/X11/bin
PATH: /usr/local/git/bin
PATH: /usr/local/go/bin
PATH: /usr/texbin


## ----------- ##
## Core tests. ##
## ----------- ##

configure:2248: checking for gcc
configure:2264: found /usr/bin/gcc
configure:2275: result: gcc
configure:2504: checking for C compiler version
configure:2513: gcc --version >&5
Apple LLVM version 5.1 (clang-503.0.40) (based on LLVM 3.4svn)
Target: x86_64-apple-darwin12.6.0
Thread model: posix
Configured with: --prefix=/Applications/Xcode.app/Contents/Developer/usr --with-gxx-include-dir=/usr/include/c++/4.2.1
configure:2524: $? = 0
configure:2513: gcc -v >&5
Configured with: --prefix=/Applications/Xcode.app/Contents/Developer/usr --with-gxx-include-dir=/usr/include/c++/4.2.1
Apple LLVM version 5.1 (clang-503.0.40) (based on LLVM 3.4svn)
Target: x86_64-apple-darwin12.6.0
Thread model: posix
configure:2524: $? = 0
configure:2513: gcc -V >&5
clang: error: argument to '-V' is missing (expected 1 value)
clang: error: no input files
configure:2524: $? = 1
configure:2513: gcc -qversion >&5
clang: error: unknown argument: '-qversion' [-Wunused-command-line-argument-hard-error-in-future]
clang: note: this will be a hard error (cannot be downgraded to a warning) in the future
clang: error: no input files
configure:2524: $? = 1
configure:2544: checking whether the C compiler works
configure:2566: gcc    conftest.c  >&5
configure:2570: $? = 0
configure:2619: result: yes
configure:2622: checking for C compiler default output file name
configure:2624: result: a.out
configure:2630: checking for suffix of executables
configure:2637: gcc -o conftest    conftest.c  >&5
configure:2641: $? = 0
configure:2663: result: 
configure:2685: checking whether we are cross compiling
configure:2693: gcc -o conftest    conftest.c  >&5
configure:2697: $? = 0
configure:2704: ./conftest
configure:2708: $? = 0
configure:2723: result: no
configure:2728: checking for suffix of object files
configure:2750: gcc -c   conftest.c >&5
configure:2754: $? = 0
configure:2775: result: o
configure:2779: checking whether we are using the GNU C compiler
configure:2798: gcc -c   conftest.c >&5
configure:2798: $? = 0
configure:2807: result: yes
configure:2816: checking whether gcc accepts -g
configure:2836: gcc -c -g  conftest.c >&5
configure:2836: $? = 0
configure:2877: result: yes
configure:2894: checking for gcc option to accept ISO C89
configure:2958: gcc  -c -g   conftest.c >&5
configure:2958: $? = 0
configure:2971: result: none needed
configure:2992: checking whether make sets $(MAKE)
configure:3014: result: yes
configure:3060: checking for a BSD-compatible install
configure:3128: result: /opt/local/bin/ginstall -c
configure:3139: checking for a thread-safe mkdir -p
configure:3178: result: /opt/local/bin/gmkdir -p
configure:3184: checking for chkconfig
configure:3215: result: no
configure:3225: checking for update-rc.d
configure:3256: result: no
configure:3266: checking for start-stop-daemon
configure:3297: result: no
configure:3307: checking for useradd
configure:3338: result: no
configure:3348: checking for id
configure:3366: found /usr/bin/id
configure:3379: result: /usr/bin/id
configure:3422: checking how to run the C preprocessor
configure:3453: gcc -E  conftest.c
configure:3453: $? = 0
configure:3467: gcc -E  conftest.c
conftest.c:9:10: fatal error: 'ac_nonexistent.h' file not found
#include <ac_nonexistent.h>
         ^
1 error generated.
configure:3467: $? = 1
configure: failed program was:
| /* confdefs.h */
| #define PACKAGE_NAME "BGPmon"
| #define PACKAGE_TARNAME "bgpmon"
| #define PACKAGE_VERSION "7.2.2"
| #define PACKAGE_STRING "BGPmon 7.2.2"
| #define PACKAGE_BUGREPORT "bgpmon@netsec.colostate.edu"
| #define PACKAGE_URL ""
| /* end confdefs.h.  */
| #include <ac_nonexistent.h>
configure:3492: result: gcc -E
configure:3512: gcc -E  conftest.c
configure:3512: $? = 0
configure:3526: gcc -E  conftest.c
conftest.c:9:10: fatal error: 'ac_nonexistent.h' file not found
#include <ac_nonexistent.h>
         ^
1 error generated.
configure:3526: $? = 1
configure: failed program was:
| /* confdefs.h */
| #define PACKAGE_NAME "BGPmon"
| #define PACKAGE_TARNAME "bgpmon"
| #define PACKAGE_VERSION "7.2.2"
| #define PACKAGE_STRING "BGPmon 7.2.2"
| #define PACKAGE_BUGREPORT "bgpmon@netsec.colostate.edu"
| #define PACKAGE_URL ""
| /* end confdefs.h.  */
| #include <ac_nonexistent.h>
configure:3555: checking for grep that handles long lines and -e
configure:3613: result: /usr/bin/grep
configure:3618: checking for egrep
configure:3680: result: /usr/bin/grep -E
configure:3685: checking for ANSI C header files
configure:3705: gcc -c   conftest.c >&5
configure:3705: $? = 0
configure:3778: gcc -o conftest    conftest.c  >&5
configure:3778: $? = 0
configure:3778: ./conftest
configure:3778: $? = 0
configure:3789: result: yes
configure:3802: checking for sys/types.h
configure:3802: gcc -c   conftest.c >&5
configure:3802: $? = 0
configure:3802: result: yes
configure:3802: checking for sys/stat.h
configure:3802: gcc -c   conftest.c >&5
configure:3802: $? = 0
configure:3802: result: yes
configure:3802: checking for stdlib.h
configure:3802: gcc -c   conftest.c >&5
configure:3802: $? = 0
configure:3802: result: yes
configure:3802: checking for string.h
configure:3802: gcc -c   conftest.c >&5
configure:3802: $? = 0
configure:3802: result: yes
configure:3802: checking for memory.h
configure:3802: gcc -c   conftest.c >&5
configure:3802: $? = 0
configure:3802: result: yes
configure:3802: checking for strings.h
configure:3802: gcc -c   conftest.c >&5
configure:3802: $? = 0
configure:3802: result: yes
configure:3802: checking for inttypes.h
configure:3802: gcc -c   conftest.c >&5
configure:3802: $? = 0
configure:3802: result: yes
configure:3802: checking for stdint.h
configure:3802: gcc -c   conftest.c >&5
configure:3802: $? = 0
configure:3802: result: yes
configure:3802: checking for unistd.h
configure:3802: gcc -c   conftest.c >&5
configure:3802: $? = 0
configure:3802: result: yes
configure:3818: checking arpa/inet.h usability
configure:3818: gcc -c   conftest.c >&5
configure:3818: $? = 0
configure:3818: result: yes
configure:3818: checking arpa/inet.h presence
configure:3818: gcc -E  conftest.c
configure:3818: $? = 0
configure:3818: result: yes
configure:3818: checking for arpa/inet.h
configure:3818: result: yes
configure:3818: checking fcntl.h usability
configure:3818: gcc -c   conftest.c >&5
configure:3818: $? = 0
configure:3818: result: yes
configure:3818: checking fcntl.h presence
configure:3818: gcc -E  conftest.c
configure:3818: $? = 0
configure:3818: result: yes
configure:3818: checking for fcntl.h
configure:3818: result: yes
configure:3818: checking limits.h usability
configure:3818: gcc -c   conftest.c >&5
configure:3818: $? = 0
configure:3818: result: yes
configure:3818: checking limits.h presence
configure:3818: gcc -E  conftest.c
configure:3818: $? = 0
configure:3818: result: yes
configure:3818: checking for limits.h
configure:3818: result: yes
configure:3818: checking netdb.h usability
configure:3818: gcc -c   conftest.c >&5
configure:3818: $? = 0
configure:3818: result: yes
configure:3818: checking netdb.h presence
configure:3818: gcc -E  conftest.c
configure:3818: $? = 0
configure:3818: result: yes
configure:3818: checking for netdb.h
configure:3818: result: yes
configure:3818: checking netinet/in.h usability
configure:3818: gcc -c   conftest.c >&5
configure:3818: $? = 0
configure:3818: result: yes
configure:3818: checking netinet/in.h presence
configure:3818: gcc -E  conftest.c
configure:3818: $? = 0
configure:3818: result: yes
configure:3818: checking for netinet/in.h
configure:3818: result: yes
configure:3818: checking stddef.h usability
configure:3818: gcc -c   conftest.c >&5
configure:3818: $? = 0
configure:3818: result: yes
configure:3818: checking stddef.h presence
configure:3818: gcc -E  conftest.c
configure:3818: $? = 0
configure:3818: result: yes
configure:3818: checking for stddef.h
configure:3818: result: yes
configure:3818: checking for stdlib.h
configure:3818: result: yes
configure:3818: checking for string.h
configure:3818: result: yes
configure:3818: checking sys/socket.h usability
configure:3818: gcc -c   conftest.c >&5
configure:3818: $? = 0
configure:3818: result: yes
configure:3818: checking sys/socket.h presence
configure:3818: gcc -E  conftest.c
configure:3818: $? = 0
configure:3818: result: yes
configure:3818: checking for sys/socket.h
configure:3818: result: yes
configure:3818: checking sys/timeb.h usability
configure:3818: gcc -c   conftest.c >&5
configure:3818: $? = 0
configure:3818: result: yes
configure:3818: checking sys/timeb.h presence
configure:3818: gcc -E  conftest.c
configure:3818: $? = 0
configure:3818: result: yes
configure:3818: checking for sys/timeb.h
configure:3818: result: yes
configure:3818: checking syslog.h usability
configure:3818: gcc -c   conftest.c >&5
configure:3818: $? = 0
configure:3818: result: yes
configure:3818: checking syslog.h presence
configure:3818: gcc -E  conftest.c
configure:3818: $? = 0
configure:3818: result: yes
configure:3818: checking for syslog.h
configure:3818: result: yes
configure:3818: checking for unistd.h
configure:3818: result: yes
configure:3818: checking linux/tcp.h usability
configure:3818: gcc -c   conftest.c >&5
conftest.c:64:10: fatal error: 'linux/tcp.h' file not found
#include <linux/tcp.h>
         ^
1 error generated.
configure:3818: $? = 1
configure: failed program was:
| /* confdefs.h */
| #define PACKAGE_NAME "BGPmon"
| #define PACKAGE_TARNAME "bgpmon"
| #define PACKAGE_VERSION "7.2.2"
| #define PACKAGE_STRING "BGPmon 7.2.2"
| #define PACKAGE_BUGREPORT "bgpmon@netsec.colostate.edu"
| #define PACKAGE_URL ""
| #define STDC_HEADERS 1
| #define HAVE_SYS_TYPES_H 1
| #define HAVE_SYS_STAT_H 1
| #define HAVE_STDLIB_H 1
| #define HAVE_STRING_H 1
| #define HAVE_MEMORY_H 1
| #define HAVE_STRINGS_H 1
| #define HAVE_INTTYPES_H 1
| #define HAVE_STDINT_H 1
| #define HAVE_UNISTD_H 1
| #define HAVE_ARPA_INET_H 1
| #define HAVE_FCNTL_H 1
| #define HAVE_LIMITS_H 1
| #define HAVE_NETDB_H 1
| #define HAVE_NETINET_IN_H 1
| #define HAVE_STDDEF_H 1
| #define HAVE_STDLIB_H 1
| #define HAVE_STRING_H 1
| #define HAVE_SYS_SOCKET_H 1
| #define HAVE_SYS_TIMEB_H 1
| #define HAVE_SYSLOG_H 1
| #define HAVE_UNISTD_H 1
| /* end confdefs.h.  */
| #include <stdio.h>
| #ifdef HAVE_SYS_TYPES_H
| # include <sys/types.h>
| #endif
| #ifdef HAVE_SYS_STAT_H
| # include <sys/stat.h>
| #endif
| #ifdef STDC_HEADERS
| # include <stdlib.h>
| # include <stddef.h>
| #else
| # ifdef HAVE_STDLIB_H
| #  include <stdlib.h>
| # endif
| #endif
| #ifdef HAVE_STRING_H
| # if !defined STDC_HEADERS && defined HAVE_MEMORY_H
| #  include <memory.h>
| # endif
| # include <string.h>
| #endif
| #ifdef HAVE_STRINGS_H
| # include <strings.h>
| #endif
| #ifdef HAVE_INTTYPES_H
| # include <inttypes.h>
| #endif
| #ifdef HAVE_STDINT_H
| # include <stdint.h>
| #endif
| #ifdef HAVE_UNISTD_H
| # include <unistd.h>
| #endif
| #include <linux/tcp.h>
configure:3818: result: no
configure:3818: checking linux/tcp.h presence
configure:3818: gcc -E  conftest.c
conftest.c:31:10: fatal error: 'linux/tcp.h' file not found
#include <linux/tcp.h>
         ^
1 error generated.
configure:3818: $? = 1
configure: failed program was:
| /* confdefs.h */
| #define PACKAGE_NAME "BGPmon"
| #define PACKAGE_TARNAME "bgpmon"
| #define PACKAGE_VERSION "7.2.2"
| #define PACKAGE_STRING "BGPmon 7.2.2"
| #define PACKAGE_BUGREPORT "bgpmon@netsec.colostate.edu"
| #define PACKAGE_URL ""
| #define STDC_HEADERS 1
| #define HAVE_SYS_TYPES_H 1
| #define HAVE_SYS_STAT_H 1
| #define HAVE_STDLIB_H 1
| #define HAVE_STRING_H 1
| #define HAVE_MEMORY_H 1
| #define HAVE_STRINGS_H 1
| #define HAVE_INTTYPES_H 1
| #define HAVE_STDINT_H 1
| #define HAVE_UNISTD_H 1
| #define HAVE_ARPA_INET_H 1
| #define HAVE_FCNTL_H 1
| #define HAVE_LIMITS_H 1
| #define HAVE_NETDB_H 1
| #define HAVE_NETINET_IN_H 1
| #define HAVE_STDDEF_H 1
| #define HAVE_STDLIB_H 1
| #define HAVE_STRING_H 1
| #define HAVE_SYS_SOCKET_H 1
| #define HAVE_SYS_TIMEB_H 1
| #define HAVE_SYSLOG_H 1
| #define HAVE_UNISTD_H 1
| /* end confdefs.h.  */
| #include <linux/tcp.h>
configure:3818: result: no
configure:3818: checking for linux/tcp.h
configure:3818: result: no
configure:3831: checking for an ANSI C-conforming const
configure:3896: gcc -c   conftest.c >&5
configure:3896: $? = 0
configure:3903: result: yes
configure:3911: checking for inline
configure:3927: gcc -c   conftest.c >&5
configure:3927: $? = 0
configure:3935: result: inline
configure:3953: checking for pid_t
configure:3953: gcc -c   conftest.c >&5
configure:3953: $? = 0
configure:3953: gcc -c   conftest.c >&5
conftest.c:67:20: error: expected expression
if (sizeof ((pid_t)))
                   ^
1 error generated.
configure:3953: $? = 1
configure: failed program was:
| /* confdefs.h */
| #define PACKAGE_NAME "BGPmon"
| #define PACKAGE_TARNAME "bgpmon"
| #define PACKAGE_VERSION "7.2.2"
| #define PACKAGE_STRING "BGPmon 7.2.2"
| #define PACKAGE_BUGREPORT "bgpmon@netsec.colostate.edu"
| #define PACKAGE_URL ""
| #define STDC_HEADERS 1
| #define HAVE_SYS_TYPES_H 1
| #define HAVE_SYS_STAT_H 1
| #define HAVE_STDLIB_H 1
| #define HAVE_STRING_H 1
| #define HAVE_MEMORY_H 1
| #define HAVE_STRINGS_H 1
| #define HAVE_INTTYPES_H 1
| #define HAVE_STDINT_H 1
| #define HAVE_UNISTD_H 1
| #define HAVE_ARPA_INET_H 1
| #define HAVE_FCNTL_H 1
| #define HAVE_LIMITS_H 1
| #define HAVE_NETDB_H 1
| #define HAVE_NETINET_IN_H 1
| #define HAVE_STDDEF_H 1
| #define HAVE_STDLIB_H 1
| #define HAVE_STRING_H 1
| #define HAVE_SYS_SOCKET_H 1
| #define HAVE_SYS_TIMEB_H 1
| #define HAVE_SYSLOG_H 1
| #define HAVE_UNISTD_H 1
| /* end confdefs.h.  */
| #include <stdio.h>
| #ifdef HAVE_SYS_TYPES_H
| # include <sys/types.h>
| #endif
| #ifdef HAVE_SYS_STAT_H
| # include <sys/stat.h>
| #endif
| #ifdef STDC_HEADERS
| # include <stdlib.h>
| # include <stddef.h>
| #else
| # ifdef HAVE_STDLIB_H
| #  include <stdlib.h>
| # endif
| #endif
| #ifdef HAVE_STRING_H
| # if !defined STDC_HEADERS && defined HAVE_MEMORY_H
| #  include <memory.h>
| # endif
| # include <string.h>
| #endif
| #ifdef HAVE_STRINGS_H
| # include <strings.h>
| #endif
| #ifdef HAVE_INTTYPES_H
| # include <inttypes.h>
| #endif
| #ifdef HAVE_STDINT_H
| # include <stdint.h>
| #endif
| #ifdef HAVE_UNISTD_H
| # include <unistd.h>
| #endif
| int
| main ()
| {
| if (sizeof ((pid_t)))
| 	    return 0;
|   ;
|   return 0;
| }
configure:3953: result: yes
configure:3964: checking for size_t
configure:3964: gcc -c   conftest.c >&5
configure:3964: $? = 0
configure:3964: gcc -c   conftest.c >&5
conftest.c:67:21: error: expected expression
if (sizeof ((size_t)))
                    ^
1 error generated.
configure:3964: $? = 1
configure: failed program was:
| /* confdefs.h */
| #define PACKAGE_NAME "BGPmon"
| #define PACKAGE_TARNAME "bgpmon"
| #define PACKAGE_VERSION "7.2.2"
| #define PACKAGE_STRING "BGPmon 7.2.2"
| #define PACKAGE_BUGREPORT "bgpmon@netsec.colostate.edu"
| #define PACKAGE_URL ""
| #define STDC_HEADERS 1
| #define HAVE_SYS_TYPES_H 1
| #define HAVE_SYS_STAT_H 1
| #define HAVE_STDLIB_H 1
| #define HAVE_STRING_H 1
| #define HAVE_MEMORY_H 1
| #define HAVE_STRINGS_H 1
| #define HAVE_INTTYPES_H 1
| #define HAVE_STDINT_H 1
| #define HAVE_UNISTD_H 1
| #define HAVE_ARPA_INET_H 1
| #define HAVE_FCNTL_H 1
| #define HAVE_LIMITS_H 1
| #define HAVE_NETDB_H 1
| #define HAVE_NETINET_IN_H 1
| #define HAVE_STDDEF_H 1
| #define HAVE_STDLIB_H 1
| #define HAVE_STRING_H 1
| #define HAVE_SYS_SOCKET_H 1
| #define HAVE_SYS_TIMEB_H 1
| #define HAVE_SYSLOG_H 1
| #define HAVE_UNISTD_H 1
| /* end confdefs.h.  */
| #include <stdio.h>
| #ifdef HAVE_SYS_TYPES_H
| # include <sys/types.h>
| #endif
| #ifdef HAVE_SYS_STAT_H
| # include <sys/stat.h>
| #endif
| #ifdef STDC_HEADERS
| # include <stdlib.h>
| # include <stddef.h>
| #else
| # ifdef HAVE_STDLIB_H
| #  include <stdlib.h>
| # endif
| #endif
| #ifdef HAVE_STRING_H
| # if !defined STDC_HEADERS && defined HAVE_MEMORY_H
| #  include <memory.h>
| # endif
| # include <string.h>
| #endif
| #ifdef HAVE_STRINGS_H
| # include <strings.h>
| #endif
| #ifdef HAVE_INTTYPES_H
| # include <inttypes.h>
| #endif
| #ifdef HAVE_STDINT_H
| # include <stdint.h>
| #endif
| #ifdef HAVE_UNISTD_H
| # include <unistd.h>
| #endif
| int
| main ()
| {
| if (sizeof ((size_t)))
| 	    return 0;
|   ;
|   return 0;
| }
configure:3964: result: yes
configure:3975: checking for ssize_t
configure:3975: gcc -c   conftest.c >&5
configure:3975: $? = 0
configure:3975: gcc -c   conftest.c >&5
conftest.c:67:22: error: expected expression
if (sizeof ((ssize_t)))
                     ^
1 error generated.
configure:3975: $? = 1
configure: failed program was:
| /* confdefs.h */
| #define PACKAGE_NAME "BGPmon"
| #define PACKAGE_TARNAME "bgpmon"
| #define PACKAGE_VERSION "7.2.2"
| #define PACKAGE_STRING "BGPmon 7.2.2"
| #define PACKAGE_BUGREPORT "bgpmon@netsec.colostate.edu"
| #define PACKAGE_URL ""
| #define STDC_HEADERS 1
| #define HAVE_SYS_TYPES_H 1
| #define HAVE_SYS_STAT_H 1
| #define HAVE_STDLIB_H 1
| #define HAVE_STRING_H 1
| #define HAVE_MEMORY_H 1
| #define HAVE_STRINGS_H 1
| #define HAVE_INTTYPES_H 1
| #define HAVE_STDINT_H 1
| #define HAVE_UNISTD_H 1
| #define HAVE_ARPA_INET_H 1
| #define HAVE_FCNTL_H 1
| #define HAVE_LIMITS_H 1
| #define HAVE_NETDB_H 1
| #define HAVE_NETINET_IN_H 1
| #define HAVE_STDDEF_H 1
| #define HAVE_STDLIB_H 1
| #define HAVE_STRING_H 1
| #define HAVE_SYS_SOCKET_H 1
| #define HAVE_SYS_TIMEB_H 1
| #define HAVE_SYSLOG_H 1
| #define HAVE_UNISTD_H 1
| /* end confdefs.h.  */
| #include <stdio.h>
| #ifdef HAVE_SYS_TYPES_H
| # include <sys/types.h>
| #endif
| #ifdef HAVE_SYS_STAT_H
| # include <sys/stat.h>
| #endif
| #ifdef STDC_HEADERS
| # include <stdlib.h>
| # include <stddef.h>
| #else
| # ifdef HAVE_STDLIB_H
| #  include <stdlib.h>
| # endif
| #endif
| #ifdef HAVE_STRING_H
| # if !defined STDC_HEADERS && defined HAVE_MEMORY_H
| #  include <memory.h>
| # endif
| # include <string.h>
| #endif
| #ifdef HAVE_STRINGS_H
| # include <strings.h>
| #endif
| #ifdef HAVE_INTTYPES_H
| # include <inttypes.h>
| #endif
| #ifdef HAVE_STDINT_H
| # include <stdint.h>
| #endif
| #ifdef HAVE_UNISTD_H
| # include <unistd.h>
| #endif
| int
| main ()
| {
| if (sizeof ((ssize_t)))
| 	    return 0;
|   ;
|   return 0;
| }
configure:3975: result: yes
configure:3986: checking whether time.h and sys/time.h may both be included
configure:4006: gcc -c   conftest.c >&5
configure:4006: $? = 0
configure:4013: result: yes
configure:4021: checking whether struct tm is in sys/time.h or time.h
configure:4041: gcc -c   conftest.c >&5
configure:4041: $? = 0
configure:4048: result: time.h
configure:4056: checking for stdbool.h that conforms to C99
configure:4141: gcc -c   conftest.c >&5
configure:4141: $? = 0
configure:4148: result: yes
configure:4150: checking for _Bool
configure:4150: gcc -c   conftest.c >&5
configure:4150: $? = 0
configure:4150: gcc -c   conftest.c >&5
conftest.c:68:20: error: expected expression
if (sizeof ((_Bool)))
                   ^
1 error generated.
configure:4150: $? = 1
configure: failed program was:
| /* confdefs.h */
| #define PACKAGE_NAME "BGPmon"
| #define PACKAGE_TARNAME "bgpmon"
| #define PACKAGE_VERSION "7.2.2"
| #define PACKAGE_STRING "BGPmon 7.2.2"
| #define PACKAGE_BUGREPORT "bgpmon@netsec.colostate.edu"
| #define PACKAGE_URL ""
| #define STDC_HEADERS 1
| #define HAVE_SYS_TYPES_H 1
| #define HAVE_SYS_STAT_H 1
| #define HAVE_STDLIB_H 1
| #define HAVE_STRING_H 1
| #define HAVE_MEMORY_H 1
| #define HAVE_STRINGS_H 1
| #define HAVE_INTTYPES_H 1
| #define HAVE_STDINT_H 1
| #define HAVE_UNISTD_H 1
| #define HAVE_ARPA_INET_H 1
| #define HAVE_FCNTL_H 1
| #define HAVE_LIMITS_H 1
| #define HAVE_NETDB_H 1
| #define HAVE_NETINET_IN_H 1
| #define HAVE_STDDEF_H 1
| #define HAVE_STDLIB_H 1
| #define HAVE_STRING_H 1
| #define HAVE_SYS_SOCKET_H 1
| #define HAVE_SYS_TIMEB_H 1
| #define HAVE_SYSLOG_H 1
| #define HAVE_UNISTD_H 1
| #define TIME_WITH_SYS_TIME 1
| /* end confdefs.h.  */
| #include <stdio.h>
| #ifdef HAVE_SYS_TYPES_H
| # include <sys/types.h>
| #endif
| #ifdef HAVE_SYS_STAT_H
| # include <sys/stat.h>
| #endif
| #ifdef STDC_HEADERS
| # include <stdlib.h>
| # include <stddef.h>
| #else
| # ifdef HAVE_STDLIB_H
| #  include <stdlib.h>
| # endif
| #endif
| #ifdef HAVE_STRING_H
| # if !defined STDC_HEADERS && defined HAVE_MEMORY_H
| #  include <memory.h>
| # endif
| # include <string.h>
| #endif
| #ifdef HAVE_STRINGS_H
| # include <strings.h>
| #endif
| #ifdef HAVE_INTTYPES_H
| # include <inttypes.h>
| #endif
| #ifdef HAVE_STDINT_H
| # include <stdint.h>
| #endif
| #ifdef HAVE_UNISTD_H
| # include <unistd.h>
| #endif
| int
| main ()
| {
| if (sizeof ((_Bool)))
| 	    return 0;
|   ;
|   return 0;
| }
configure:4150: result: yes
configure:4166: checking for uint32_t
configure:4166: gcc -c   conftest.c >&5
configure:4166: $? = 0
configure:4166: result: yes
configure:4180: checking for uint8_t
configure:4180: gcc -c   conftest.c >&5
configure:4180: $? = 0
configure:4180: result: yes
configure:4198: checking vfork.h usability
configure:4198: gcc -c   conftest.c >&5
conftest.c:67:10: fatal error: 'vfork.h' file not found
#include <vfork.h>
         ^
1 error generated.
configure:4198: $? = 1
configure: failed program was:
| /* confdefs.h */
| #define PACKAGE_NAME "BGPmon"
| #define PACKAGE_TARNAME "bgpmon"
| #define PACKAGE_VERSION "7.2.2"
| #define PACKAGE_STRING "BGPmon 7.2.2"
| #define PACKAGE_BUGREPORT "bgpmon@netsec.colostate.edu"
| #define PACKAGE_URL ""
| #define STDC_HEADERS 1
| #define HAVE_SYS_TYPES_H 1
| #define HAVE_SYS_STAT_H 1
| #define HAVE_STDLIB_H 1
| #define HAVE_STRING_H 1
| #define HAVE_MEMORY_H 1
| #define HAVE_STRINGS_H 1
| #define HAVE_INTTYPES_H 1
| #define HAVE_STDINT_H 1
| #define HAVE_UNISTD_H 1
| #define HAVE_ARPA_INET_H 1
| #define HAVE_FCNTL_H 1
| #define HAVE_LIMITS_H 1
| #define HAVE_NETDB_H 1
| #define HAVE_NETINET_IN_H 1
| #define HAVE_STDDEF_H 1
| #define HAVE_STDLIB_H 1
| #define HAVE_STRING_H 1
| #define HAVE_SYS_SOCKET_H 1
| #define HAVE_SYS_TIMEB_H 1
| #define HAVE_SYSLOG_H 1
| #define HAVE_UNISTD_H 1
| #define TIME_WITH_SYS_TIME 1
| #define HAVE__BOOL 1
| #define HAVE_STDBOOL_H 1
| /* end confdefs.h.  */
| #include <stdio.h>
| #ifdef HAVE_SYS_TYPES_H
| # include <sys/types.h>
| #endif
| #ifdef HAVE_SYS_STAT_H
| # include <sys/stat.h>
| #endif
| #ifdef STDC_HEADERS
| # include <stdlib.h>
| # include <stddef.h>
| #else
| # ifdef HAVE_STDLIB_H
| #  include <stdlib.h>
| # endif
| #endif
| #ifdef HAVE_STRING_H
| # if !defined STDC_HEADERS && defined HAVE_MEMORY_H
| #  include <memory.h>
| # endif
| # include <string.h>
| #endif
| #ifdef HAVE_STRINGS_H
| # include <strings.h>
| #endif
| #ifdef HAVE_INTTYPES_H
| # include <inttypes.h>
| #endif
| #ifdef HAVE_STDINT_H
| # include <stdint.h>
| #endif
| #ifdef HAVE_UNISTD_H
| # include <unistd.h>
| #endif
| #include <vfork.h>
configure:4198: result: no
configure:4198: checking vfork.h presence
configure:4198: gcc -E  conftest.c
conftest.c:34:10: fatal error: 'vfork.h' file not found
#include <vfork.h>
         ^
1 error generated.
configure:4198: $? = 1
configure: failed program was:
| /* confdefs.h */
| #define PACKAGE_NAME "BGPmon"
| #define PACKAGE_TARNAME "bgpmon"
| #define PACKAGE_VERSION "7.2.2"
| #define PACKAGE_STRING "BGPmon 7.2.2"
| #define PACKAGE_BUGREPORT "bgpmon@netsec.colostate.edu"
| #define PACKAGE_URL ""
| #define STDC_HEADERS 1
| #define HAVE_SYS_TYPES_H 1
| #define HAVE_SYS_STAT_H 1
| #define HAVE_STDLIB_H 1
| #define HAVE_STRING_H 1
| #define HAVE_MEMORY_H 1
| #define HAVE_STRINGS_H 1
| #define HAVE_INTTYPES_H 1
| #define HAVE_STDINT_H 1
| #define HAVE_UNISTD_H 1
| #define HAVE_ARPA_INET_H 1
| #define HAVE_FCNTL_H 1
| #define HAVE_LIMITS_H 1
| #define HAVE_NETDB_H 1
| #define HAVE_NETINET_IN_H 1
| #define HAVE_STDDEF_H 1
| #define HAVE_STDLIB_H 1
| #define HAVE_STRING_H 1
| #define HAVE_SYS_SOCKET_H 1
| #define HAVE_SYS_TIMEB_H 1
| #define HAVE_SYSLOG_H 1
| #define HAVE_UNISTD_H 1
| #define TIME_WITH_SYS_TIME 1
| #define HAVE__BOOL 1
| #define HAVE_STDBOOL_H 1
| /* end confdefs.h.  */
| #include <vfork.h>
configure:4198: result: no
configure:4198: checking for vfork.h
configure:4198: result: no
configure:4211: checking for fork
configure:4211: gcc -o conftest    conftest.c  >&5
configure:4211: $? = 0
configure:4211: result: yes
configure:4211: checking for vfork
configure:4211: gcc -o conftest    conftest.c  >&5
conftest.c:58:6: warning: incompatible redeclaration of library function 'vfork' [-Wincompatible-library-redeclaration]
char vfork ();
     ^
conftest.c:58:6: note: 'vfork' is a builtin with type 'int (void)'
1 warning generated.
configure:4211: $? = 0
configure:4211: result: yes
configure:4222: checking for working fork
configure:4244: gcc -o conftest    conftest.c  >&5
configure:4244: $? = 0
configure:4244: ./conftest
configure:4244: $? = 0
configure:4254: result: yes
configure:4275: checking for working vfork
configure:4385: result: yes
configure:4412: checking for stdlib.h
configure:4412: result: yes
configure:4422: checking for GNU libc compatible malloc
configure:4446: gcc -o conftest    conftest.c  >&5
configure:4446: $? = 0
configure:4446: ./conftest
configure:4446: $? = 0
configure:4456: result: yes
configure:4477: checking for working memcmp
configure:4520: gcc -o conftest    conftest.c  >&5
configure:4520: $? = 0
configure:4520: ./conftest
configure:4520: $? = 0
configure:4530: result: yes
configure:4541: checking for stdlib.h
configure:4541: result: yes
configure:4551: checking for GNU libc compatible realloc
configure:4575: gcc -o conftest    conftest.c  >&5
configure:4575: $? = 0
configure:4575: ./conftest
configure:4575: $? = 0
configure:4585: result: yes
configure:4609: checking sys/select.h usability
configure:4609: gcc -c   conftest.c >&5
configure:4609: $? = 0
configure:4609: result: yes
configure:4609: checking sys/select.h presence
configure:4609: gcc -E  conftest.c
configure:4609: $? = 0
configure:4609: result: yes
configure:4609: checking for sys/select.h
configure:4609: result: yes
configure:4609: checking for sys/socket.h
configure:4609: result: yes
configure:4620: checking types of arguments for select
configure:4648: gcc -c   conftest.c >&5
configure:4648: $? = 0
configure:4659: result: int,fd_set *,struct timeval *
configure:4684: checking for strftime
configure:4684: gcc -o conftest    conftest.c  >&5
configure:4684: $? = 0
configure:4684: result: yes
configure:4739: checking for vprintf
configure:4739: gcc -o conftest    conftest.c  >&5
conftest.c:71:6: warning: incompatible redeclaration of library function 'vprintf' [-Wincompatible-library-redeclaration]
char vprintf ();
     ^
conftest.c:71:6: note: 'vprintf' is a builtin with type 'int (const char *, __va_list_tag *)'
1 warning generated.
configure:4739: $? = 0
configure:4739: result: yes
configure:4745: checking for _doprnt
configure:4745: gcc -o conftest    conftest.c  >&5
Undefined symbols for architecture x86_64:
  "__doprnt", referenced from:
      _main in conftest-e8c39c.o
ld: symbol(s) not found for architecture x86_64
clang: error: linker command failed with exit code 1 (use -v to see invocation)
configure:4745: $? = 1
configure: failed program was:
| /* confdefs.h */
| #define PACKAGE_NAME "BGPmon"
| #define PACKAGE_TARNAME "bgpmon"
| #define PACKAGE_VERSION "7.2.2"
| #define PACKAGE_STRING "BGPmon 7.2.2"
| #define PACKAGE_BUGREPORT "bgpmon@netsec.colostate.edu"
| #define PACKAGE_URL ""
| #define STDC_HEADERS 1
| #define HAVE_SYS_TYPES_H 1
| #define HAVE_SYS_STAT_H 1
| #define HAVE_STDLIB_H 1
| #define HAVE_STRING_H 1
| #define HAVE_MEMORY_H 1
| #define HAVE_STRINGS_H 1
| #define HAVE_INTTYPES_H 1
| #define HAVE_STDINT_H 1
| #define HAVE_UNISTD_H 1
| #define HAVE_ARPA_INET_H 1
| #define HAVE_FCNTL_H 1
| #define HAVE_LIMITS_H 1
| #define HAVE_NETDB_H 1
| #define HAVE_NETINET_IN_H 1
| #define HAVE_STDDEF_H 1
| #define HAVE_STDLIB_H 1
| #define HAVE_STRING_H 1
| #define HAVE_SYS_SOCKET_H 1
| #define HAVE_SYS_TIMEB_H 1
| #define HAVE_SYSLOG_H 1
| #define HAVE_UNISTD_H 1
| #define TIME_WITH_SYS_TIME 1
| #define HAVE__BOOL 1
| #define HAVE_STDBOOL_H 1
| #define HAVE_FORK 1
| #define HAVE_VFORK 1
| #define HAVE_WORKING_VFORK 1
| #define HAVE_WORKING_FORK 1
| #define HAVE_STDLIB_H 1
| #define HAVE_MALLOC 1
| #define HAVE_STDLIB_H 1
| #define HAVE_REALLOC 1
| #define HAVE_SYS_SELECT_H 1
| #define HAVE_SYS_SOCKET_H 1
| #define SELECT_TYPE_ARG1 int
| #define SELECT_TYPE_ARG234 (fd_set *)
| #define SELECT_TYPE_ARG5 (struct timeval *)
| #define HAVE_STRFTIME 1
| #define HAVE_VPRINTF 1
| /* end confdefs.h.  */
| /* Define _doprnt to an innocuous variant, in case <limits.h> declares _doprnt.
|    For example, HP-UX 11i <limits.h> declares gettimeofday.  */
| #define _doprnt innocuous__doprnt
| 
| /* System header to define __stub macros and hopefully few prototypes,
|     which can conflict with char _doprnt (); below.
|     Prefer <limits.h> to <assert.h> if __STDC__ is defined, since
|     <limits.h> exists even on freestanding compilers.  */
| 
| #ifdef __STDC__
| # include <limits.h>
| #else
| # include <assert.h>
| #endif
| 
| #undef _doprnt
| 
| /* Override any GCC internal prototype to avoid an error.
|    Use char because int might match the return type of a GCC
|    builtin and then its argument prototype would still apply.  */
| #ifdef __cplusplus
| extern "C"
| #endif
| char _doprnt ();
| /* The GNU C library defines this for functions which it implements
|     to always fail with ENOSYS.  Some functions are actually named
|     something starting with __ and the normal name is an alias.  */
| #if defined __stub__doprnt || defined __stub____doprnt
| choke me
| #endif
| 
| int
| main ()
| {
| return _doprnt ();
|   ;
|   return 0;
| }
configure:4745: result: no
configure:4759: checking for bzero
configure:4759: gcc -o conftest    conftest.c  >&5
conftest.c:72:6: warning: incompatible redeclaration of library function 'bzero' [-Wincompatible-library-redeclaration]
char bzero ();
     ^
conftest.c:72:6: note: 'bzero' is a builtin with type 'void (void *, unsigned long)'
1 warning generated.
configure:4759: $? = 0
configure:4759: result: yes
configure:4759: checking for dup2
configure:4759: gcc -o conftest    conftest.c  >&5
configure:4759: $? = 0
configure:4759: result: yes
configure:4759: checking for ftime
configure:4759: gcc -o conftest    conftest.c  >&5
configure:4759: $? = 0
configure:4759: result: yes
configure:4759: checking for gethostname
configure:4759: gcc -o conftest    conftest.c  >&5
configure:4759: $? = 0
configure:4759: result: yes
configure:4759: checking for inet_ntoa
configure:4759: gcc -o conftest    conftest.c  >&5
configure:4759: $? = 0
configure:4759: result: yes
configure:4759: checking for memmove
configure:4759: gcc -o conftest    conftest.c  >&5
conftest.c:77:6: warning: incompatible redeclaration of library function 'memmove' [-Wincompatible-library-redeclaration]
char memmove ();
     ^
conftest.c:77:6: note: 'memmove' is a builtin with type 'void *(void *, const void *, unsigned long)'
1 warning generated.
configure:4759: $? = 0
configure:4759: result: yes
configure:4759: checking for memset
configure:4759: gcc -o conftest    conftest.c  >&5
conftest.c:78:6: warning: incompatible redeclaration of library function 'memset' [-Wincompatible-library-redeclaration]
char memset ();
     ^
conftest.c:78:6: note: 'memset' is a builtin with type 'void *(void *, int, unsigned long)'
1 warning generated.
configure:4759: $? = 0
configure:4759: result: yes
configure:4759: checking for select
configure:4759: gcc -o conftest    conftest.c  >&5
configure:4759: $? = 0
configure:4759: result: yes
configure:4759: checking for socket
configure:4759: gcc -o conftest    conftest.c  >&5
configure:4759: $? = 0
configure:4759: result: yes
configure:4759: checking for strchr
configure:4759: gcc -o conftest    conftest.c  >&5
conftest.c:81:6: warning: incompatible redeclaration of library function 'strchr' [-Wincompatible-library-redeclaration]
char strchr ();
     ^
conftest.c:81:6: note: 'strchr' is a builtin with type 'char *(const char *, int)'
1 warning generated.
configure:4759: $? = 0
configure:4759: result: yes
configure:4759: checking for strerror
configure:4759: gcc -o conftest    conftest.c  >&5
conftest.c:82:6: warning: incompatible redeclaration of library function 'strerror' [-Wincompatible-library-redeclaration]
char strerror ();
     ^
conftest.c:82:6: note: 'strerror' is a builtin with type 'char *(int)'
1 warning generated.
configure:4759: $? = 0
configure:4759: result: yes
configure:4759: checking for strstr
configure:4759: gcc -o conftest    conftest.c  >&5
conftest.c:83:6: warning: incompatible redeclaration of library function 'strstr' [-Wincompatible-library-redeclaration]
char strstr ();
     ^
conftest.c:83:6: note: 'strstr' is a builtin with type 'char *(const char *, const char *)'
1 warning generated.
configure:4759: $? = 0
configure:4759: result: yes
configure:4772: checking for pthread_create in -lpthread
configure:4797: gcc -o conftest    conftest.c -lpthread   >&5
configure:4797: $? = 0
configure:4806: result: yes
configure:4819: checking for ftime in -lcompat
configure:4844: gcc -o conftest    conftest.c -lcompat  -lpthread  >&5
ld: library not found for -lcompat
clang: error: linker command failed with exit code 1 (use -v to see invocation)
configure:4844: $? = 1
configure: failed program was:
| /* confdefs.h */
| #define PACKAGE_NAME "BGPmon"
| #define PACKAGE_TARNAME "bgpmon"
| #define PACKAGE_VERSION "7.2.2"
| #define PACKAGE_STRING "BGPmon 7.2.2"
| #define PACKAGE_BUGREPORT "bgpmon@netsec.colostate.edu"
| #define PACKAGE_URL ""
| #define STDC_HEADERS 1
| #define HAVE_SYS_TYPES_H 1
| #define HAVE_SYS_STAT_H 1
| #define HAVE_STDLIB_H 1
| #define HAVE_STRING_H 1
| #define HAVE_MEMORY_H 1
| #define HAVE_STRINGS_H 1
| #define HAVE_INTTYPES_H 1
| #define HAVE_STDINT_H 1
| #define HAVE_UNISTD_H 1
| #define HAVE_ARPA_INET_H 1
| #define HAVE_FCNTL_H 1
| #define HAVE_LIMITS_H 1
| #define HAVE_NETDB_H 1
| #define HAVE_NETINET_IN_H 1
| #define HAVE_STDDEF_H 1
| #define HAVE_STDLIB_H 1
| #define HAVE_STRING_H 1
| #define HAVE_SYS_SOCKET_H 1
| #define HAVE_SYS_TIMEB_H 1
| #define HAVE_SYSLOG_H 1
| #define HAVE_UNISTD_H 1
| #define TIME_WITH_SYS_TIME 1
| #define HAVE__BOOL 1
| #define HAVE_STDBOOL_H 1
| #define HAVE_FORK 1
| #define HAVE_VFORK 1
| #define HAVE_WORKING_VFORK 1
| #define HAVE_WORKING_FORK 1
| #define HAVE_STDLIB_H 1
| #define HAVE_MALLOC 1
| #define HAVE_STDLIB_H 1
| #define HAVE_REALLOC 1
| #define HAVE_SYS_SELECT_H 1
| #define HAVE_SYS_SOCKET_H 1
| #define SELECT_TYPE_ARG1 int
| #define SELECT_TYPE_ARG234 (fd_set *)
| #define SELECT_TYPE_ARG5 (struct timeval *)
| #define HAVE_STRFTIME 1
| #define HAVE_VPRINTF 1
| #define HAVE_BZERO 1
| #define HAVE_DUP2 1
| #define HAVE_FTIME 1
| #define HAVE_GETHOSTNAME 1
| #define HAVE_INET_NTOA 1
| #define HAVE_MEMMOVE 1
| #define HAVE_MEMSET 1
| #define HAVE_SELECT 1
| #define HAVE_SOCKET 1
| #define HAVE_STRCHR 1
| #define HAVE_STRERROR 1
| #define HAVE_STRSTR 1
| #define HAVE_LIBPTHREAD 1
| /* end confdefs.h.  */
| 
| /* Override any GCC internal prototype to avoid an error.
|    Use char because int might match the return type of a GCC
|    builtin and then its argument prototype would still apply.  */
| #ifdef __cplusplus
| extern "C"
| #endif
| char ftime ();
| int
| main ()
| {
| return ftime ();
|   ;
|   return 0;
| }
configure:4853: result: no
configure:4880: checking for xmlParseFile in -lxml2
configure:4905: gcc -o conftest    conftest.c -lxml2  -lpthread  >&5
configure:4905: $? = 0
configure:4914: result: yes
configure:5095: creating ./config.status

## ---------------------- ##
## Running config.status. ##
## ---------------------- ##

This file was extended by BGPmon config.status 7.2.2, which was
generated by GNU Autoconf 2.65.  Invocation command line was

  CONFIG_FILES    = 
  CONFIG_HEADERS  = 
  CONFIG_LINKS    = 
  CONFIG_COMMANDS = 
  $ ./config.status 

on nat-oitwireless-inside-vapornet100-d-24957.princeton.edu

config.status:859: creating site_defaults.h
config.status:859: creating Makefile
config.status:859: creating config.h

## ---------------- ##
## Cache variables. ##
## ---------------- ##

ac_cv_c_compiler_gnu=yes
ac_cv_c_const=yes
ac_cv_c_inline=inline
ac_cv_c_uint32_t=yes
ac_cv_c_uint8_t=yes
ac_cv_env_CC_set=
ac_cv_env_CC_value=
ac_cv_env_CFLAGS_set=
ac_cv_env_CFLAGS_value=
ac_cv_env_CPPFLAGS_set=
ac_cv_env_CPPFLAGS_value=
ac_cv_env_CPP_set=
ac_cv_env_CPP_value=
ac_cv_env_LDFLAGS_set=
ac_cv_env_LDFLAGS_value=
ac_cv_env_LIBS_set=
ac_cv_env_LIBS_value=
ac_cv_env_build_alias_set=
ac_cv_env_build_alias_value=
ac_cv_env_host_alias_set=
ac_cv_env_host_alias_value=
ac_cv_env_target_alias_set=
ac_cv_env_target_alias_value=
ac_cv_func__doprnt=no
ac_cv_func_bzero=yes
ac_cv_func_dup2=yes
ac_cv_func_fork=yes
ac_cv_func_fork_works=yes
ac_cv_func_ftime=yes
ac_cv_func_gethostname=yes
ac_cv_func_inet_ntoa=yes
ac_cv_func_malloc_0_nonnull=yes
ac_cv_func_memcmp_working=yes
ac_cv_func_memmove=yes
ac_cv_func_memset=yes
ac_cv_func_realloc_0_nonnull=yes
ac_cv_func_select=yes
ac_cv_func_select_args='int,fd_set *,struct timeval *'
ac_cv_func_socket=yes
ac_cv_func_strchr=yes
ac_cv_func_strerror=yes
ac_cv_func_strftime=yes
ac_cv_func_strstr=yes
ac_cv_func_vfork=yes
ac_cv_func_vfork_works=yes
ac_cv_func_vprintf=yes
ac_cv_header_arpa_inet_h=yes
ac_cv_header_fcntl_h=yes
ac_cv_header_inttypes_h=yes
ac_cv_header_limits_h=yes
ac_cv_header_linux_tcp_h=no
ac_cv_header_memory_h=yes
ac_cv_header_netdb_h=yes
ac_cv_header_netinet_in_h=yes
ac_cv_header_stdbool_h=yes
ac_cv_header_stdc=yes
ac_cv_header_stddef_h=yes
ac_cv_header_stdint_h=yes
ac_cv_header_stdlib_h=yes
ac_cv_header_string_h=yes
ac_cv_header_strings_h=yes
ac_cv_header_sys_select_h=yes
ac_cv_header_sys_socket_h=yes
ac_cv_header_sys_stat_h=yes
ac_cv_header_sys_timeb_h=yes
ac_cv_header_sys_types_h=yes
ac_cv_header_syslog_h=yes
ac_cv_header_time=yes
ac_cv_header_unistd_h=yes
ac_cv_header_vfork_h=no
ac_cv_lib_compat_ftime=no
ac_cv_lib_pthread_pthread_create=yes
ac_cv_lib_xml2_xmlParseFile=yes
ac_cv_objext=o
ac_cv_path_CHKCONFIG=no
ac_cv_path_EGREP='/usr/bin/grep -E'
ac_cv_path_GREP=/usr/bin/grep
ac_cv_path_ID=/usr/bin/id
ac_cv_path_STARTSTOPD=no
ac_cv_path_UPDATERC=no
ac_cv_path_USERADD=no
ac_cv_path_install='/opt/local/bin/ginstall -c'
ac_cv_path_mkdir=/opt/local/bin/gmkdir
ac_cv_prog_CPP='gcc -E'
ac_cv_prog_ac_ct_CC=gcc
ac_cv_prog_cc_c89=
ac_cv_prog_cc_g=yes
ac_cv_prog_make_make_set=yes
ac_cv_struct_tm=time.h
ac_cv_type__Bool=yes
ac_cv_type_pid_t=yes
ac_cv_type_size_t=yes
ac_cv_type_ssize_t=yes

## ----------------- ##
## Output variables. ##
## ----------------- ##

CC='gcc'
CFLAGS=' -I/opt/local/include/libxml2'
CHKCONFIG='no'
CONFNAME='bgpmon_config.txt'
CPP='gcc -E'
CPPFLAGS=''
DEFS='-DHAVE_CONFIG_H'
ECHO_C='\c'
ECHO_N=''
ECHO_T=''
EGREP='/usr/bin/grep -E'
ENABLE_BGPMONUSER='yes'
ENABLE_INITSCRIPTS='yes'
EXEEXT=''
GREP='/usr/bin/grep'
ID='/usr/bin/id'
INSTALL_DATA='${INSTALL} -m 644'
INSTALL_PROGRAM='${INSTALL}'
INSTALL_SCRIPT='${INSTALL}'
LDFLAGS=''
LIBOBJS=''
LIBS='-lxml2 -lpthread '
LTLIBOBJS=''
MKDIR_P='/opt/local/bin/gmkdir -p'
OBJEXT='o'
PACKAGE_BUGREPORT='bgpmon@netsec.colostate.edu'
PACKAGE_NAME='BGPmon'
PACKAGE_STRING='BGPmon 7.2.2'
PACKAGE_TARNAME='bgpmon'
PACKAGE_URL=''
PACKAGE_VERSION='7.2.2'
PATH_SEPARATOR=':'
SET_MAKE=''
SHELL='/bin/sh'
STARTSTOPD='no'
UPDATERC='no'
USERADD='no'
ac_ct_CC='gcc'
bindir='${exec_prefix}/bin'
build_alias=''
datadir='${datarootdir}'
datarootdir='${prefix}/share'
docdir='${datarootdir}/doc/${PACKAGE_TARNAME}'
dvidir='${docdir}'
exec_prefix='${prefix}'
host_alias=''
htmldir='${docdir}'
includedir='${prefix}/include'
infodir='${datarootdir}/info'
libdir='${exec_prefix}/lib'
libexecdir='${exec_prefix}/libexec'
localedir='${datarootdir}/locale'
localstatedir='${prefix}/var'
mandir='${datarootdir}/man'
oldincludedir='/usr/include'
pdfdir='${docdir}'
prefix='/usr/local'
program_transform_name='s,x,x,'
psdir='${docdir}'
sbindir='${exec_prefix}/sbin'
sharedstatedir='${prefix}/com'
sysconfdir='${prefix}/etc'
target_alias=''

## ----------- ##
## confdefs.h. ##
## ----------- ##

/* confdefs.h */
#define PACKAGE_NAME "BGPmon"
#define PACKAGE_TARNAME "bgpmon"
#define PACKAGE_VERSION "7.2.2"
#define PACKAGE_STRING "BGPmon 7.2.2"
#define PACKAGE_BUGREPORT "bgpmon@netsec.colostate.edu"
#define PACKAGE_URL ""
#define STDC_HEADERS 1
#define HAVE_SYS_TYPES_H 1
#define HAVE_SYS_STAT_H 1
#define HAVE_STDLIB_H 1
#define HAVE_STRING_H 1
#define HAVE_MEMORY_H 1
#define HAVE_STRINGS_H 1
#define HAVE_INTTYPES_H 1
#define HAVE_STDINT_H 1
#define HAVE_UNISTD_H 1
#define HAVE_ARPA_INET_H 1
#define HAVE_FCNTL_H 1
#define HAVE_LIMITS_H 1
#define HAVE_NETDB_H 1
#define HAVE_NETINET_IN_H 1
#define HAVE_STDDEF_H 1
#define HAVE_STDLIB_H 1
#define HAVE_STRING_H 1
#define HAVE_SYS_SOCKET_H 1
#define HAVE_SYS_TIMEB_H 1
#define HAVE_SYSLOG_H 1
#define HAVE_UNISTD_H 1
#define TIME_WITH_SYS_TIME 1
#define HAVE__BOOL 1
#define HAVE_STDBOOL_H 1
#define HAVE_FORK 1
#define HAVE_VFORK 1
#define HAVE_WORKING_VFORK 1
#define HAVE_WORKING_FORK 1
#define HAVE_STDLIB_H 1
#define HAVE_MALLOC 1
#define HAVE_STDLIB_H 1
#define HAVE_REALLOC 1
#define HAVE_SYS_SELECT_H 1
#define HAVE_SYS_SOCKET_H 1
#define SELECT_TYPE_ARG1 int
#define SELECT_TYPE_ARG234 (fd_set *)
#define SELECT_TYPE_ARG5 (struct timeval *)
#define HAVE_STRFTIME 1
#define HAVE_VPRINTF 1
#define HAVE_BZERO 1
#define HAVE_DUP2 1
#define HAVE_FTIME 1
#define HAVE_GETHOSTNAME 1
#define HAVE_INET_NTOA 1
#define HAVE_MEMMOVE 1
#define HAVE_MEMSET 1
#define HAVE_SELECT 1
#define HAVE_SOCKET 1
#define HAVE_STRCHR 1
#define HAVE_STRERROR 1
#define HAVE_STRSTR 1
#define HAVE_LIBPTHREAD 1

configure: exit 0
